<?xml version="1.0" encoding="UTF-8"?>
<Site BuildName="Linux-g++"
	BuildStamp="20231117-0002-Experimental"
	Name="Debian"
	Generator="ctest-3.25.1"
	CompilerName="/usr/bin/g++"
	CompilerVersion="12.2.0"
	OSName="Linux"
	Hostname="Debian"
	OSRelease="6.1.0-13-amd64"
	OSVersion="#1 SMP PREEMPT_DYNAMIC Debian 6.1.55-1 (2023-09-29)"
	OSPlatform="x86_64"
	Is64Bits="1"
	VendorString="AuthenticAMD"
	VendorID="Advanced Micro Devices"
	FamilyID="23"
	ModelID="113"
	ProcessorCacheSize="512"
	NumberOfLogicalCPU="4"
	NumberOfPhysicalCPU="4"
	TotalVirtualMemory="974"
	TotalPhysicalMemory="7940"
	LogicalProcessorsPerPhysical="1"
	ProcessorClockFrequency="3593.25"
	>
	<Testing>
		<StartDateTime>Nov 17 01:31 CET</StartDateTime>
		<StartTestTime>1700181104</StartTestTime>
		<TestList/>
		<EndDateTime>Nov 17 01:31 CET</EndDateTime>
		<EndTestTime>1700181104</EndTestTime>
		<ElapsedMinutes>0</ElapsedMinutes>
	</Testing>
</Site>
